This is pdfTeX, Version 3.14159265-2.6-1.40.15 (MiKTeX 2.9 64-bit) (preloaded format=pdflatex 2015.9.2)  23 JAN 2019 17:39
entering extended mode
**paper.tex
(paper.tex
LaTeX2e <2014/05/01>
Babel <3.9l> and hyphenation patterns for 68 languages loaded.
("C:\Program Files\MiKTeX 2.9\tex\latex\base\article.cls"
Document Class: article 2014/09/29 v1.4h Standard LaTeX document class
("C:\Program Files\MiKTeX 2.9\tex\latex\base\size11.clo"
File: size11.clo 2014/09/29 v1.4h Standard LaTeX file (size option)
)
\c@part=\count79
\c@section=\count80
\c@subsection=\count81
\c@subsubsection=\count82
\c@paragraph=\count83
\c@subparagraph=\count84
\c@figure=\count85
\c@table=\count86
\abovecaptionskip=\skip41
\belowcaptionskip=\skip42
\bibindent=\dimen102
)
("C:\Program Files\MiKTeX 2.9\tex\latex\preprint\fullpage.sty"
Package: fullpage 1999/02/23 1.1 (PWD)
\FP@margin=\skip43
)
("C:\Program Files\MiKTeX 2.9\tex\latex\base\inputenc.sty"
Package: inputenc 2014/04/30 v1.2b Input encoding file
\inpenc@prehook=\toks14
\inpenc@posthook=\toks15

("C:\Program Files\MiKTeX 2.9\tex\latex\base\utf8.def"
File: utf8.def 2014/09/29 v1.1m UTF-8 support for inputenc
Now handling font encoding OML ...
... no UTF-8 mapping file for font encoding OML
Now handling font encoding T1 ...
... processing UTF-8 mapping file for font encoding T1

("C:\Program Files\MiKTeX 2.9\tex\latex\base\t1enc.dfu"
File: t1enc.dfu 2014/09/29 v1.1m UTF-8 support for inputenc
   defining Unicode char U+00A1 (decimal 161)
   defining Unicode char U+00A3 (decimal 163)
   defining Unicode char U+00AB (decimal 171)
   defining Unicode char U+00BB (decimal 187)
   defining Unicode char U+00BF (decimal 191)
   defining Unicode char U+00C0 (decimal 192)
   defining Unicode char U+00C1 (decimal 193)
   defining Unicode char U+00C2 (decimal 194)
   defining Unicode char U+00C3 (decimal 195)
   defining Unicode char U+00C4 (decimal 196)
   defining Unicode char U+00C5 (decimal 197)
   defining Unicode char U+00C6 (decimal 198)
   defining Unicode char U+00C7 (decimal 199)
   defining Unicode char U+00C8 (decimal 200)
   defining Unicode char U+00C9 (decimal 201)
   defining Unicode char U+00CA (decimal 202)
   defining Unicode char U+00CB (decimal 203)
   defining Unicode char U+00CC (decimal 204)
   defining Unicode char U+00CD (decimal 205)
   defining Unicode char U+00CE (decimal 206)
   defining Unicode char U+00CF (decimal 207)
   defining Unicode char U+00D0 (decimal 208)
   defining Unicode char U+00D1 (decimal 209)
   defining Unicode char U+00D2 (decimal 210)
   defining Unicode char U+00D3 (decimal 211)
   defining Unicode char U+00D4 (decimal 212)
   defining Unicode char U+00D5 (decimal 213)
   defining Unicode char U+00D6 (decimal 214)
   defining Unicode char U+00D8 (decimal 216)
   defining Unicode char U+00D9 (decimal 217)
   defining Unicode char U+00DA (decimal 218)
   defining Unicode char U+00DB (decimal 219)
   defining Unicode char U+00DC (decimal 220)
   defining Unicode char U+00DD (decimal 221)
   defining Unicode char U+00DE (decimal 222)
   defining Unicode char U+00DF (decimal 223)
   defining Unicode char U+00E0 (decimal 224)
   defining Unicode char U+00E1 (decimal 225)
   defining Unicode char U+00E2 (decimal 226)
   defining Unicode char U+00E3 (decimal 227)
   defining Unicode char U+00E4 (decimal 228)
   defining Unicode char U+00E5 (decimal 229)
   defining Unicode char U+00E6 (decimal 230)
   defining Unicode char U+00E7 (decimal 231)
   defining Unicode char U+00E8 (decimal 232)
   defining Unicode char U+00E9 (decimal 233)
   defining Unicode char U+00EA (decimal 234)
   defining Unicode char U+00EB (decimal 235)
   defining Unicode char U+00EC (decimal 236)
   defining Unicode char U+00ED (decimal 237)
   defining Unicode char U+00EE (decimal 238)
   defining Unicode char U+00EF (decimal 239)
   defining Unicode char U+00F0 (decimal 240)
   defining Unicode char U+00F1 (decimal 241)
   defining Unicode char U+00F2 (decimal 242)
   defining Unicode char U+00F3 (decimal 243)
   defining Unicode char U+00F4 (decimal 244)
   defining Unicode char U+00F5 (decimal 245)
   defining Unicode char U+00F6 (decimal 246)
   defining Unicode char U+00F8 (decimal 248)
   defining Unicode char U+00F9 (decimal 249)
   defining Unicode char U+00FA (decimal 250)
   defining Unicode char U+00FB (decimal 251)
   defining Unicode char U+00FC (decimal 252)
   defining Unicode char U+00FD (decimal 253)
   defining Unicode char U+00FE (decimal 254)
   defining Unicode char U+00FF (decimal 255)
   defining Unicode char U+0102 (decimal 258)
   defining Unicode char U+0103 (decimal 259)
   defining Unicode char U+0104 (decimal 260)
   defining Unicode char U+0105 (decimal 261)
   defining Unicode char U+0106 (decimal 262)
   defining Unicode char U+0107 (decimal 263)
   defining Unicode char U+010C (decimal 268)
   defining Unicode char U+010D (decimal 269)
   defining Unicode char U+010E (decimal 270)
   defining Unicode char U+010F (decimal 271)
   defining Unicode char U+0110 (decimal 272)
   defining Unicode char U+0111 (decimal 273)
   defining Unicode char U+0118 (decimal 280)
   defining Unicode char U+0119 (decimal 281)
   defining Unicode char U+011A (decimal 282)
   defining Unicode char U+011B (decimal 283)
   defining Unicode char U+011E (decimal 286)
   defining Unicode char U+011F (decimal 287)
   defining Unicode char U+0130 (decimal 304)
   defining Unicode char U+0131 (decimal 305)
   defining Unicode char U+0132 (decimal 306)
   defining Unicode char U+0133 (decimal 307)
   defining Unicode char U+0139 (decimal 313)
   defining Unicode char U+013A (decimal 314)
   defining Unicode char U+013D (decimal 317)
   defining Unicode char U+013E (decimal 318)
   defining Unicode char U+0141 (decimal 321)
   defining Unicode char U+0142 (decimal 322)
   defining Unicode char U+0143 (decimal 323)
   defining Unicode char U+0144 (decimal 324)
   defining Unicode char U+0147 (decimal 327)
   defining Unicode char U+0148 (decimal 328)
   defining Unicode char U+014A (decimal 330)
   defining Unicode char U+014B (decimal 331)
   defining Unicode char U+0150 (decimal 336)
   defining Unicode char U+0151 (decimal 337)
   defining Unicode char U+0152 (decimal 338)
   defining Unicode char U+0153 (decimal 339)
   defining Unicode char U+0154 (decimal 340)
   defining Unicode char U+0155 (decimal 341)
   defining Unicode char U+0158 (decimal 344)
   defining Unicode char U+0159 (decimal 345)
   defining Unicode char U+015A (decimal 346)
   defining Unicode char U+015B (decimal 347)
   defining Unicode char U+015E (decimal 350)
   defining Unicode char U+015F (decimal 351)
   defining Unicode char U+0160 (decimal 352)
   defining Unicode char U+0161 (decimal 353)
   defining Unicode char U+0162 (decimal 354)
   defining Unicode char U+0163 (decimal 355)
   defining Unicode char U+0164 (decimal 356)
   defining Unicode char U+0165 (decimal 357)
   defining Unicode char U+016E (decimal 366)
   defining Unicode char U+016F (decimal 367)
   defining Unicode char U+0170 (decimal 368)
   defining Unicode char U+0171 (decimal 369)
   defining Unicode char U+0178 (decimal 376)
   defining Unicode char U+0179 (decimal 377)
   defining Unicode char U+017A (decimal 378)
   defining Unicode char U+017B (decimal 379)
   defining Unicode char U+017C (decimal 380)
   defining Unicode char U+017D (decimal 381)
   defining Unicode char U+017E (decimal 382)
   defining Unicode char U+200C (decimal 8204)
   defining Unicode char U+2013 (decimal 8211)
   defining Unicode char U+2014 (decimal 8212)
   defining Unicode char U+2018 (decimal 8216)
   defining Unicode char U+2019 (decimal 8217)
   defining Unicode char U+201A (decimal 8218)
   defining Unicode char U+201C (decimal 8220)
   defining Unicode char U+201D (decimal 8221)
   defining Unicode char U+201E (decimal 8222)
   defining Unicode char U+2030 (decimal 8240)
   defining Unicode char U+2031 (decimal 8241)
   defining Unicode char U+2039 (decimal 8249)
   defining Unicode char U+203A (decimal 8250)
   defining Unicode char U+2423 (decimal 9251)
)
Now handling font encoding OT1 ...
... processing UTF-8 mapping file for font encoding OT1

("C:\Program Files\MiKTeX 2.9\tex\latex\base\ot1enc.dfu"
File: ot1enc.dfu 2014/09/29 v1.1m UTF-8 support for inputenc
   defining Unicode char U+00A1 (decimal 161)
   defining Unicode char U+00A3 (decimal 163)
   defining Unicode char U+00B8 (decimal 184)
   defining Unicode char U+00BF (decimal 191)
   defining Unicode char U+00C5 (decimal 197)
   defining Unicode char U+00C6 (decimal 198)
   defining Unicode char U+00D8 (decimal 216)
   defining Unicode char U+00DF (decimal 223)
   defining Unicode char U+00E6 (decimal 230)
   defining Unicode char U+00EC (decimal 236)
   defining Unicode char U+00ED (decimal 237)
   defining Unicode char U+00EE (decimal 238)
   defining Unicode char U+00EF (decimal 239)
   defining Unicode char U+00F8 (decimal 248)
   defining Unicode char U+0131 (decimal 305)
   defining Unicode char U+0141 (decimal 321)
   defining Unicode char U+0142 (decimal 322)
   defining Unicode char U+0152 (decimal 338)
   defining Unicode char U+0153 (decimal 339)
   defining Unicode char U+2013 (decimal 8211)
   defining Unicode char U+2014 (decimal 8212)
   defining Unicode char U+2018 (decimal 8216)
   defining Unicode char U+2019 (decimal 8217)
   defining Unicode char U+201C (decimal 8220)
   defining Unicode char U+201D (decimal 8221)
)
Now handling font encoding OMS ...
... processing UTF-8 mapping file for font encoding OMS

("C:\Program Files\MiKTeX 2.9\tex\latex\base\omsenc.dfu"
File: omsenc.dfu 2014/09/29 v1.1m UTF-8 support for inputenc
   defining Unicode char U+00A7 (decimal 167)
   defining Unicode char U+00B6 (decimal 182)
   defining Unicode char U+00B7 (decimal 183)
   defining Unicode char U+2020 (decimal 8224)
   defining Unicode char U+2021 (decimal 8225)
   defining Unicode char U+2022 (decimal 8226)
)
Now handling font encoding OMX ...
... no UTF-8 mapping file for font encoding OMX
Now handling font encoding U ...
... no UTF-8 mapping file for font encoding U
   defining Unicode char U+00A9 (decimal 169)
   defining Unicode char U+00AA (decimal 170)
   defining Unicode char U+00AE (decimal 174)
   defining Unicode char U+00BA (decimal 186)
   defining Unicode char U+02C6 (decimal 710)
   defining Unicode char U+02DC (decimal 732)
   defining Unicode char U+200C (decimal 8204)
   defining Unicode char U+2026 (decimal 8230)
   defining Unicode char U+2122 (decimal 8482)
   defining Unicode char U+2423 (decimal 9251)
))
("C:\Program Files\MiKTeX 2.9\tex\latex\base\fontenc.sty"
Package: fontenc 2005/09/27 v1.99g Standard LaTeX package

("C:\Program Files\MiKTeX 2.9\tex\latex\base\t1enc.def"
File: t1enc.def 2005/09/27 v1.99g Standard LaTeX file
LaTeX Font Info:    Redeclaring font encoding T1 on input line 43.
))
("C:\Program Files\MiKTeX 2.9\tex\latex\graphics\graphicx.sty"
Package: graphicx 2014/10/28 v1.0g Enhanced LaTeX Graphics (DPC,SPQR)

("C:\Program Files\MiKTeX 2.9\tex\latex\graphics\keyval.sty"
Package: keyval 2014/10/28 v1.15 key=value parser (DPC)
\KV@toks@=\toks16
)
("C:\Program Files\MiKTeX 2.9\tex\latex\graphics\graphics.sty"
Package: graphics 2014/10/28 v1.0p Standard LaTeX Graphics (DPC,SPQR)

("C:\Program Files\MiKTeX 2.9\tex\latex\graphics\trig.sty"
Package: trig 1999/03/16 v1.09 sin cos tan (DPC)
)
("C:\Program Files\MiKTeX 2.9\tex\latex\00miktex\graphics.cfg"
File: graphics.cfg 2007/01/18 v1.5 graphics configuration of teTeX/TeXLive
)
Package graphics Info: Driver file: pdftex.def on input line 91.

("C:\Program Files\MiKTeX 2.9\tex\latex\pdftex-def\pdftex.def"
File: pdftex.def 2011/05/27 v0.06d Graphics/color for pdfTeX

("C:\Program Files\MiKTeX 2.9\tex\generic\oberdiek\infwarerr.sty"
Package: infwarerr 2010/04/08 v1.3 Providing info/warning/error messages (HO)
)
("C:\Program Files\MiKTeX 2.9\tex\generic\oberdiek\ltxcmds.sty"
Package: ltxcmds 2011/11/09 v1.22 LaTeX kernel commands for general use (HO)
)
\Gread@gobject=\count87
))
\Gin@req@height=\dimen103
\Gin@req@width=\dimen104
)
("C:\Program Files\MiKTeX 2.9\tex\latex\float\float.sty"
Package: float 2001/11/08 v1.3d Float enhancements (AL)
\c@float@type=\count88
\float@exts=\toks17
\float@box=\box26
\@float@everytoks=\toks18
\@floatcapt=\box27
)
("C:\Program Files\MiKTeX 2.9\tex\latex\hyperref\hyperref.sty"
Package: hyperref 2012/11/06 v6.83m Hypertext links for LaTeX

("C:\Program Files\MiKTeX 2.9\tex\generic\oberdiek\hobsub-hyperref.sty"
Package: hobsub-hyperref 2012/04/25 v1.12 Bundle oberdiek, subset hyperref (HO)


("C:\Program Files\MiKTeX 2.9\tex\generic\oberdiek\hobsub-generic.sty"
Package: hobsub-generic 2012/04/25 v1.12 Bundle oberdiek, subset generic (HO)
Package: hobsub 2012/04/25 v1.12 Construct package bundles (HO)
Package hobsub Info: Skipping package `infwarerr' (already loaded).
Package hobsub Info: Skipping package `ltxcmds' (already loaded).
Package: ifluatex 2010/03/01 v1.3 Provides the ifluatex switch (HO)
Package ifluatex Info: LuaTeX not detected.
Package: ifvtex 2010/03/01 v1.5 Detect VTeX and its facilities (HO)
Package ifvtex Info: VTeX not detected.
Package: intcalc 2007/09/27 v1.1 Expandable calculations with integers (HO)
Package: ifpdf 2011/01/30 v2.3 Provides the ifpdf switch (HO)
Package ifpdf Info: pdfTeX in PDF mode is detected.
Package: etexcmds 2011/02/16 v1.5 Avoid name clashes with e-TeX commands (HO)
Package etexcmds Info: Could not find \expanded.
(etexcmds)             That can mean that you are not using pdfTeX 1.50 or
(etexcmds)             that some package has redefined \expanded.
(etexcmds)             In the latter case, load this package earlier.
Package: kvsetkeys 2012/04/25 v1.16 Key value parser (HO)
Package: kvdefinekeys 2011/04/07 v1.3 Define keys (HO)
Package: pdftexcmds 2011/11/29 v0.20 Utility functions of pdfTeX for LuaTeX (HO
)
Package pdftexcmds Info: LuaTeX not detected.
Package pdftexcmds Info: \pdf@primitive is available.
Package pdftexcmds Info: \pdf@ifprimitive is available.
Package pdftexcmds Info: \pdfdraftmode found.
Package: pdfescape 2011/11/25 v1.13 Implements pdfTeX's escape features (HO)
Package: bigintcalc 2012/04/08 v1.3 Expandable calculations on big integers (HO
)
Package: bitset 2011/01/30 v1.1 Handle bit-vector datatype (HO)
Package: uniquecounter 2011/01/30 v1.2 Provide unlimited unique counter (HO)
)
Package hobsub Info: Skipping package `hobsub' (already loaded).
Package: letltxmacro 2010/09/02 v1.4 Let assignment for LaTeX macros (HO)
Package: hopatch 2011/06/24 v1.1 Wrapper for package hooks (HO)
Package: xcolor-patch 2011/01/30 xcolor patch
Package: atveryend 2011/06/30 v1.8 Hooks at the very end of document (HO)
Package atveryend Info: \enddocument detected (standard20110627).
Package: atbegshi 2011/10/05 v1.16 At begin shipout hook (HO)
Package: refcount 2011/10/16 v3.4 Data extraction from label references (HO)
Package: hycolor 2011/01/30 v1.7 Color options for hyperref/bookmark (HO)
)
("C:\Program Files\MiKTeX 2.9\tex\generic\ifxetex\ifxetex.sty"
Package: ifxetex 2010/09/12 v0.6 Provides ifxetex conditional
)
("C:\Program Files\MiKTeX 2.9\tex\latex\oberdiek\auxhook.sty"
Package: auxhook 2011/03/04 v1.3 Hooks for auxiliary files (HO)
)
("C:\Program Files\MiKTeX 2.9\tex\latex\oberdiek\kvoptions.sty"
Package: kvoptions 2011/06/30 v3.11 Key value format for package options (HO)
)
\@linkdim=\dimen105
\Hy@linkcounter=\count89
\Hy@pagecounter=\count90

("C:\Program Files\MiKTeX 2.9\tex\latex\hyperref\pd1enc.def"
File: pd1enc.def 2012/11/06 v6.83m Hyperref: PDFDocEncoding definition (HO)
Now handling font encoding PD1 ...
... no UTF-8 mapping file for font encoding PD1
)
\Hy@SavedSpaceFactor=\count91

("C:\Program Files\MiKTeX 2.9\tex\latex\00miktex\hyperref.cfg"
File: hyperref.cfg 2002/06/06 v1.2 hyperref configuration of TeXLive
)
Package hyperref Info: Hyper figures OFF on input line 4443.
Package hyperref Info: Link nesting OFF on input line 4448.
Package hyperref Info: Hyper index ON on input line 4451.
Package hyperref Info: Plain pages OFF on input line 4458.
Package hyperref Info: Backreferencing OFF on input line 4463.
Package hyperref Info: Implicit mode ON; LaTeX internals redefined.
Package hyperref Info: Bookmarks ON on input line 4688.
\c@Hy@tempcnt=\count92

("C:\Program Files\MiKTeX 2.9\tex\latex\url\url.sty"
\Urlmuskip=\muskip10
Package: url 2013/09/16  ver 3.4  Verb mode for urls, etc.
)
LaTeX Info: Redefining \url on input line 5041.
\XeTeXLinkMargin=\dimen106
\Fld@menulength=\count93
\Field@Width=\dimen107
\Fld@charsize=\dimen108
Package hyperref Info: Hyper figures OFF on input line 6295.
Package hyperref Info: Link nesting OFF on input line 6300.
Package hyperref Info: Hyper index ON on input line 6303.
Package hyperref Info: backreferencing OFF on input line 6310.
Package hyperref Info: Link coloring OFF on input line 6315.
Package hyperref Info: Link coloring with OCG OFF on input line 6320.
Package hyperref Info: PDF/A mode OFF on input line 6325.
LaTeX Info: Redefining \ref on input line 6365.
LaTeX Info: Redefining \pageref on input line 6369.
\Hy@abspage=\count94
\c@Item=\count95
\c@Hfootnote=\count96
)

Package hyperref Message: Driver (autodetected): hpdftex.

("C:\Program Files\MiKTeX 2.9\tex\latex\hyperref\hpdftex.def"
File: hpdftex.def 2012/11/06 v6.83m Hyperref driver for pdfTeX
\Fld@listcount=\count97
\c@bookmark@seq@number=\count98

("C:\Program Files\MiKTeX 2.9\tex\latex\oberdiek\rerunfilecheck.sty"
Package: rerunfilecheck 2011/04/15 v1.7 Rerun checks for auxiliary files (HO)
Package uniquecounter Info: New unique counter `rerunfilecheck' on input line 2
82.
)
\Hy@SectionHShift=\skip44
)
("C:\Program Files\MiKTeX 2.9\tex\latex\listings\listings.sty"
\lst@mode=\count99
\lst@gtempboxa=\box28
\lst@token=\toks19
\lst@length=\count100
\lst@currlwidth=\dimen109
\lst@column=\count101
\lst@pos=\count102
\lst@lostspace=\dimen110
\lst@width=\dimen111
\lst@newlines=\count103
\lst@lineno=\count104
\lst@maxwidth=\dimen112

("C:\Program Files\MiKTeX 2.9\tex\latex\listings\lstmisc.sty"
File: lstmisc.sty 2014/09/06 1.5e (Carsten Heinz)
\c@lstnumber=\count105
\lst@skipnumbers=\count106
\lst@framebox=\box29
)
("C:\Program Files\MiKTeX 2.9\tex\latex\listings\listings.cfg"
File: listings.cfg 2014/09/06 1.5e listings configuration
))
Package: listings 2014/09/06 1.5e (Carsten Heinz)

("C:\Program Files\MiKTeX 2.9\tex\latex\graphics\color.sty"
Package: color 2014/10/28 v1.1a Standard LaTeX Color (DPC)

("C:\Program Files\MiKTeX 2.9\tex\latex\00miktex\color.cfg"
File: color.cfg 2007/01/18 v1.5 color configuration of teTeX/TeXLive
)
Package color Info: Driver file: pdftex.def on input line 137.

("C:\Program Files\MiKTeX 2.9\tex\latex\graphics\dvipsnam.def"
File: dvipsnam.def 2014/10/14 v3.0j Driver-dependent file (DPC,SPQR)
))
("C:\Program Files\MiKTeX 2.9\tex\latex\listings\lstlang1.sty"
File: lstlang1.sty 2014/09/06 1.5e listings language file
)
("C:\Program Files\MiKTeX 2.9\tex\latex\listings\lstlang2.sty"
File: lstlang2.sty 2014/09/06 1.5e listings language file
)
("C:\Program Files\MiKTeX 2.9\tex\latex\listings\lstlang3.sty"
File: lstlang3.sty 2014/09/06 1.5e listings language file
) (paper.aux)
LaTeX Font Info:    Checking defaults for OML/cmm/m/it on input line 51.
LaTeX Font Info:    ... okay on input line 51.
LaTeX Font Info:    Checking defaults for T1/cmr/m/n on input line 51.
LaTeX Font Info:    ... okay on input line 51.
LaTeX Font Info:    Checking defaults for OT1/cmr/m/n on input line 51.
LaTeX Font Info:    ... okay on input line 51.
LaTeX Font Info:    Checking defaults for OMS/cmsy/m/n on input line 51.
LaTeX Font Info:    ... okay on input line 51.
LaTeX Font Info:    Checking defaults for OMX/cmex/m/n on input line 51.
LaTeX Font Info:    ... okay on input line 51.
LaTeX Font Info:    Checking defaults for U/cmr/m/n on input line 51.
LaTeX Font Info:    ... okay on input line 51.
LaTeX Font Info:    Checking defaults for PD1/pdf/m/n on input line 51.
LaTeX Font Info:    ... okay on input line 51.

("C:\Program Files\MiKTeX 2.9\tex\context\base\supp-pdf.mkii"
[Loading MPS to PDF converter (version 2006.09.02).]
\scratchcounter=\count107
\scratchdimen=\dimen113
\scratchbox=\box30
\nofMPsegments=\count108
\nofMParguments=\count109
\everyMPshowfont=\toks20
\MPscratchCnt=\count110
\MPscratchDim=\dimen114
\MPnumerator=\count111
\makeMPintoPDFobject=\count112
\everyMPtoPDFconversion=\toks21
)
\AtBeginShipoutBox=\box31
Package hyperref Info: Link coloring OFF on input line 51.
 ("C:\Program Files\MiKTeX 2.9\tex\latex\hyperref\nameref.sty"
Package: nameref 2012/10/27 v2.43 Cross-referencing by name of section

("C:\Program Files\MiKTeX 2.9\tex\generic\oberdiek\gettitlestring.sty"
Package: gettitlestring 2010/12/03 v1.4 Cleanup title references (HO)
)
\c@section@level=\count113
)
LaTeX Info: Redefining \ref on input line 51.
LaTeX Info: Redefining \pageref on input line 51.
LaTeX Info: Redefining \nameref on input line 51.

(paper.out) (paper.out)
\@outlinefile=\write3
\c@lstlisting=\count114
LaTeX Font Info:    External font `cmex10' loaded for size
(Font)              <12> on input line 54.
LaTeX Font Info:    External font `cmex10' loaded for size
(Font)              <8> on input line 54.
LaTeX Font Info:    External font `cmex10' loaded for size
(Font)              <6> on input line 54.

Underfull \hbox (badness 10000) in paragraph at lines 58--59

 []

[1

{C:/ProgramData/MiKTeX/2.9/pdftex/config/pdftex.map}] (paper.toc
LaTeX Font Info:    External font `cmex10' loaded for size
(Font)              <10.95> on input line 3.
)
\tf@toc=\write4
 [2]
LaTeX Font Info:    Try loading font information for OMS+cmr on input line 78.

("C:\Program Files\MiKTeX 2.9\tex\latex\base\omscmr.fd"
File: omscmr.fd 2014/09/29 v2.5h Standard LaTeX font definitions
)
LaTeX Font Info:    Font shape `OMS/cmr/m/n' in size <10.95> not available
(Font)              Font shape `OMS/cmsy/m/n' tried instead on input line 78.

Underfull \hbox (badness 10000) in paragraph at lines 83--84

 []

<figures/boxplot.pdf, id=124, 650.43pt x 361.35pt>
File: figures/boxplot.pdf Graphic file (type pdf)
 <use figures/boxplot.pdf>
Package pdftex.def Info: figures/boxplot.pdf used on input line 89.
(pdftex.def)             Requested size: 452.9679pt x 251.65306pt.

<figures/overview.pdf, id=125, 650.43pt x 361.35pt>
File: figures/overview.pdf Graphic file (type pdf)
 <use figures/overview.pdf>
Package pdftex.def Info: figures/overview.pdf used on input line 96.
(pdftex.def)             Requested size: 452.9679pt x 251.65306pt.

[3 <./figures/boxplot.pdf>] [4 <./figures/overview.pdf>]
<figures/acf.pdf, id=153, 578.16pt x 361.35pt>
File: figures/acf.pdf Graphic file (type pdf)
 <use figures/acf.pdf>
Package pdftex.def Info: figures/acf.pdf used on input line 125.
(pdftex.def)             Requested size: 452.9679pt x 283.10349pt.
 [5 <./figures/acf.pdf>]
Underfull \hbox (badness 10000) in paragraph at lines 135--136

 []


Underfull \hbox (badness 10000) in paragraph at lines 141--142

 []


Underfull \hbox (badness 10000) in paragraph at lines 154--155

 []


Underfull \hbox (badness 10000) in paragraph at lines 156--157

 []

[6]
Overfull \hbox (3.39255pt too wide) in paragraph at lines 165--165
[]\T1/cmr/bx/n/12 Erläuterung der Ergeb-nisse für gegossene, gezo-gene und ge-p
resste Kerzen 
 []


Underfull \hbox (badness 10000) in paragraph at lines 167--168

 []

<figures/fc_auto_A.pdf, id=187, 722.7pt x 361.35pt>
File: figures/fc_auto_A.pdf Graphic file (type pdf)

<use figures/fc_auto_A.pdf>
Package pdftex.def Info: figures/fc_auto_A.pdf used on input line 179.
(pdftex.def)             Requested size: 452.9679pt x 226.48279pt.

<figures/fc_auto_B.pdf, id=188, 722.7pt x 361.35pt>
File: figures/fc_auto_B.pdf Graphic file (type pdf)

<use figures/fc_auto_B.pdf>
Package pdftex.def Info: figures/fc_auto_B.pdf used on input line 186.
(pdftex.def)             Requested size: 452.9679pt x 226.48279pt.
 [7 <./figures/fc_auto_A.pdf>]
<figures/fc_auto_C.pdf, id=200, 722.7pt x 361.35pt>
File: figures/fc_auto_C.pdf Graphic file (type pdf)

<use figures/fc_auto_C.pdf>
Package pdftex.def Info: figures/fc_auto_C.pdf used on input line 193.
(pdftex.def)             Requested size: 452.9679pt x 226.48279pt.
 [8 <./figures/fc_auto_B.pdf> <./figures/fc_auto_C.pdf>] <figures/traj_auto_A.p
df, id=217, 722.7pt x 289.08pt>
File: figures/traj_auto_A.pdf Graphic file (type pdf)

<use figures/traj_auto_A.pdf>
Package pdftex.def Info: figures/traj_auto_A.pdf used on input line 203.
(pdftex.def)             Requested size: 452.9679pt x 181.18622pt.

<figures/traj_auto_B.pdf, id=218, 722.7pt x 289.08pt>
File: figures/traj_auto_B.pdf Graphic file (type pdf)

<use figures/traj_auto_B.pdf>
Package pdftex.def Info: figures/traj_auto_B.pdf used on input line 209.
(pdftex.def)             Requested size: 452.9679pt x 181.18622pt.

<figures/traj_auto_C.pdf, id=219, 722.7pt x 289.08pt>
File: figures/traj_auto_C.pdf Graphic file (type pdf)

<use figures/traj_auto_C.pdf>
Package pdftex.def Info: figures/traj_auto_C.pdf used on input line 215.
(pdftex.def)             Requested size: 452.9679pt x 181.18622pt.
 [9 <./figures/traj_auto_A.pdf> <./figures/traj_auto_B.pdf> <./figures/traj_aut
o_C.pdf>]
LaTeX Font Info:    Try loading font information for T1+cmtt on input line 223.


("C:\Program Files\MiKTeX 2.9\tex\latex\base\t1cmtt.fd"
File: t1cmtt.fd 2014/09/29 v2.5h Standard LaTeX font definitions
) [10]
Underfull \hbox (badness 10000) in paragraph at lines 261--262

 []


Underfull \hbox (badness 10000) in paragraph at lines 263--264

 []


Underfull \hbox (badness 10000) in paragraph at lines 265--266

 []

[11]
Underfull \hbox (badness 10000) in paragraph at lines 277--278

 []


Underfull \hbox (badness 10000) in paragraph at lines 306--307

 []

[12]
Overfull \hbox (3.39255pt too wide) in paragraph at lines 315--315
[]\T1/cmr/bx/n/12 Erläuterung der Ergeb-nisse für gegossene, gezo-gene und ge-p
resste Kerzen 
 []

<figures/res_reg_A.pdf, id=304, 722.7pt x 289.08pt>
File: figures/res_reg_A.pdf Graphic file (type pdf)

<use figures/res_reg_A.pdf>
Package pdftex.def Info: figures/res_reg_A.pdf used on input line 321.
(pdftex.def)             Requested size: 452.9679pt x 181.18622pt.

<figures/res_reg_B.pdf, id=305, 722.7pt x 289.08pt>
File: figures/res_reg_B.pdf Graphic file (type pdf)

<use figures/res_reg_B.pdf>
Package pdftex.def Info: figures/res_reg_B.pdf used on input line 328.
(pdftex.def)             Requested size: 452.9679pt x 181.18622pt.

<figures/res_reg_C.pdf, id=306, 722.7pt x 289.08pt>
File: figures/res_reg_C.pdf Graphic file (type pdf)

<use figures/res_reg_C.pdf>
Package pdftex.def Info: figures/res_reg_C.pdf used on input line 335.
(pdftex.def)             Requested size: 452.9679pt x 181.18622pt.
 [13 <./figures/res_reg_A.pdf> <./figures/res_reg_B.pdf> <./figures/res_reg_C.p
df>] [14]
Underfull \hbox (badness 10000) in paragraph at lines 461--462

 []


Underfull \hbox (badness 10000) in paragraph at lines 463--464

 []

[15] <figures/fc_reg_A.pdf, id=452, 722.7pt x 361.35pt>
File: figures/fc_reg_A.pdf Graphic file (type pdf)

<use figures/fc_reg_A.pdf>
Package pdftex.def Info: figures/fc_reg_A.pdf used on input line 476.
(pdftex.def)             Requested size: 452.9679pt x 226.48279pt.
 <figures/fc_reg_B.pdf, id=453, 722.7pt x 361.35pt>
File: figures/fc_reg_B.pdf Graphic file (type pdf)

<use figures/fc_reg_B.pdf>
Package pdftex.def Info: figures/fc_reg_B.pdf used on input line 483.
(pdftex.def)             Requested size: 452.9679pt x 226.48279pt.
 <figures/fc_reg_C.pdf, id=454, 722.7pt x 361.35pt>
File: figures/fc_reg_C.pdf Graphic file (type pdf)

<use figures/fc_reg_C.pdf>
Package pdftex.def Info: figures/fc_reg_C.pdf used on input line 490.
(pdftex.def)             Requested size: 452.9679pt x 226.48279pt.
 [16 <./figures/fc_reg_A.pdf> <./figures/fc_reg_B.pdf>] <figures/traj_reg_A.pdf
, id=473, 722.7pt x 361.35pt>
File: figures/traj_reg_A.pdf Graphic file (type pdf)

<use figures/traj_reg_A.pdf>
Package pdftex.def Info: figures/traj_reg_A.pdf used on input line 499.
(pdftex.def)             Requested size: 452.9679pt x 226.48279pt.

<figures/traj_reg_B.pdf, id=474, 722.7pt x 361.35pt>
File: figures/traj_reg_B.pdf Graphic file (type pdf)

<use figures/traj_reg_B.pdf>
Package pdftex.def Info: figures/traj_reg_B.pdf used on input line 506.
(pdftex.def)             Requested size: 452.9679pt x 226.48279pt.
 [17 <./figures/fc_reg_C.pdf> <./figures/traj_reg_A.pdf>] <figures/traj_reg_C.p
df, id=493, 722.7pt x 361.35pt>
File: figures/traj_reg_C.pdf Graphic file (type pdf)

<use figures/traj_reg_C.pdf>
Package pdftex.def Info: figures/traj_reg_C.pdf used on input line 513.
(pdftex.def)             Requested size: 452.9679pt x 226.48279pt.
 [18 <./figures/traj_reg_B.pdf> <./figures/traj_reg_C.pdf>] [19]
Overfull \hbox (10.5991pt too wide) in paragraph at lines 580--580
[]\T1/cmr/bx/n/14.4 Quartalsweise Ab-satz-zahlen: Stochastis-che prozess-basier
te Bud-
 []


Underfull \hbox (badness 10000) in paragraph at lines 584--585

 []

<figures/quarterly.pdf, id=573, 722.7pt x 361.35pt>
File: figures/quarterly.pdf Graphic file (type pdf)

<use figures/quarterly.pdf>
Package pdftex.def Info: figures/quarterly.pdf used on input line 588.
(pdftex.def)             Requested size: 452.9679pt x 226.48279pt.

Underfull \hbox (badness 10000) in paragraph at lines 599--600

 []


Underfull \hbox (badness 10000) in paragraph at lines 601--602

 []

[20 <./figures/quarterly.pdf>]
Underfull \hbox (badness 10000) in paragraph at lines 603--604

 []


Underfull \hbox (badness 10000) in paragraph at lines 626--627

 []

[21]
Overfull \hbox (3.39255pt too wide) in paragraph at lines 637--637
[]\T1/cmr/bx/n/12 Erläuterung der Ergeb-nisse für gegossene, gezo-gene und ge-p
resste Kerzen 
 []

<figures/density.pdf, id=599, 722.7pt x 361.35pt>
File: figures/density.pdf Graphic file (type pdf)
 <use figures/density.pdf>
Package pdftex.def Info: figures/density.pdf used on input line 643.
(pdftex.def)             Requested size: 452.9679pt x 226.48279pt.

<figures/salesatrisk.pdf, id=600, 722.7pt x 361.35pt>
File: figures/salesatrisk.pdf Graphic file (type pdf)

<use figures/salesatrisk.pdf>
Package pdftex.def Info: figures/salesatrisk.pdf used on input line 652.
(pdftex.def)             Requested size: 452.9679pt x 226.48279pt.
 [22 <./figures/density.pdf> <./figures/salesatrisk.pdf>] <figures/stoch_dens.p
df, id=618, 722.7pt x 361.35pt>
File: figures/stoch_dens.pdf Graphic file (type pdf)

<use figures/stoch_dens.pdf>
Package pdftex.def Info: figures/stoch_dens.pdf used on input line 662.
(pdftex.def)             Requested size: 452.9679pt x 226.48279pt.

<figures/stoch_prob.pdf, id=619, 722.7pt x 361.35pt>
File: figures/stoch_prob.pdf Graphic file (type pdf)

<use figures/stoch_prob.pdf>
Package pdftex.def Info: figures/stoch_prob.pdf used on input line 669.
(pdftex.def)             Requested size: 452.9679pt x 226.48279pt.
 [23 <./figures/stoch_dens.pdf> <./figures/stoch_prob.pdf>] <figures/fc_stoch_A
BC.pdf, id=638, 722.7pt x 361.35pt>
File: figures/fc_stoch_ABC.pdf Graphic file (type pdf)

<use figures/fc_stoch_ABC.pdf>
Package pdftex.def Info: figures/fc_stoch_ABC.pdf used on input line 679.
(pdftex.def)             Requested size: 452.9679pt x 226.48279pt.
 [24 <./figures/fc_stoch_ABC.pdf>] [25]
<figures/traj_all.pdf, id=725, 722.7pt x 361.35pt>
File: figures/traj_all.pdf Graphic file (type pdf)
 <use figures/traj_all.pdf>
Package pdftex.def Info: figures/traj_all.pdf used on input line 785.
(pdftex.def)             Requested size: 452.9679pt x 226.48279pt.

Underfull \hbox (badness 10000) in paragraph at lines 790--791

 []

[26 <./figures/traj_all.pdf>]
Overfull \hbox (17.98407pt too wide) in paragraph at lines 804--805
[]\T1/cmr/m/n/10.95 Ein re-gres-sions-basiertes Mod-ell zur Un-ter-suchung und 
Erk-lärung des Kunden-/Kaufverhaltens. 
 []


Overfull \hbox (18.4773pt too wide) in paragraph at lines 805--806
[]\T1/cmr/m/n/10.95 Ein stochastis-ches Mod-ell zur ein-fachen Un-ter-suchung u
nd Pla-nung ver-schiedener vorgegebener
 []

[27] (paper.bbl
Underfull \hbox (badness 10000) in paragraph at lines 56--61
$\T1/cmtt/m/n/10.95 guides / prism / 7 / statistics / index . htm ? stat _ conf
idence _ interval _ of _ a _ stand .$
 []

)
Package atveryend Info: Empty hook `BeforeClearDocument' on input line 817.
 [28]
Package atveryend Info: Empty hook `AfterLastShipout' on input line 817.
 (paper.aux)
Package atveryend Info: Executing hook `AtVeryEndDocument' on input line 817.
Package atveryend Info: Executing hook `AtEndAfterFileList' on input line 817.
Package rerunfilecheck Info: File `paper.out' has not changed.
(rerunfilecheck)             Checksum: A5DD0331AD241C81F354665184A2CAC8;1844.
Package atveryend Info: Empty hook `AtVeryVeryEnd' on input line 817.
 ) 
Here is how much of TeX's memory you used:
 8762 strings out of 493698
 122038 string characters out of 3144413
 668507 words of memory out of 3000000
 11596 multiletter control sequences out of 15000+200000
 16314 words of font info for 39 fonts, out of 3000000 for 9000
 1025 hyphenation exceptions out of 8191
 29i,11n,41p,851b,1817s stack positions out of 5000i,500n,10000p,200000b,50000s
{C:/Program Files/MiKTeX 2.9/fonts/enc/dvips/cm-super/cm-super-t1.enc}<C:/Pro
gram Files/MiKTeX 2.9/fonts/type1/public/amsfonts/cm/cmex10.pfb><C:/Program Fil
es/MiKTeX 2.9/fonts/type1/public/amsfonts/cm/cmmi10.pfb><C:/Program Files/MiKTe
X 2.9/fonts/type1/public/amsfonts/cm/cmmi8.pfb><C:/Program Files/MiKTeX 2.9/fon
ts/type1/public/amsfonts/cm/cmr10.pfb><C:/Program Files/MiKTeX 2.9/fonts/type1/
public/amsfonts/cm/cmr8.pfb><C:/Program Files/MiKTeX 2.9/fonts/type1/public/ams
fonts/cm/cmsy10.pfb><C:/Program Files/MiKTeX 2.9/fonts/type1/public/amsfonts/cm
/cmsy8.pfb><C:/Program Files/MiKTeX 2.9/fonts/type1/public/cm-super/sfbx1000.pf
b><C:/Program Files/MiKTeX 2.9/fonts/type1/public/cm-super/sfbx1095.pfb><C:/Pro
gram Files/MiKTeX 2.9/fonts/type1/public/cm-super/sfbx1200.pfb><C:/Program File
s/MiKTeX 2.9/fonts/type1/public/cm-super/sfbx1440.pfb><C:/Program Files/MiKTeX 
2.9/fonts/type1/public/cm-super/sfrm0800.pfb><C:/Program Files/MiKTeX 2.9/fonts
/type1/public/cm-super/sfrm1000.pfb><C:/Program Files/MiKTeX 2.9/fonts/type1/pu
blic/cm-super/sfrm1095.pfb><C:/Program Files/MiKTeX 2.9/fonts/type1/public/cm-s
uper/sfrm1200.pfb><C:/Program Files/MiKTeX 2.9/fonts/type1/public/cm-super/sfrm
1728.pfb><C:/Program Files/MiKTeX 2.9/fonts/type1/public/cm-super/sfti1095.pfb>
<C:/Program Files/MiKTeX 2.9/fonts/type1/public/cm-super/sftt0800.pfb><C:/Progr
am Files/MiKTeX 2.9/fonts/type1/public/cm-super/sftt1095.pfb>
Output written on paper.pdf (28 pages, 1471457 bytes).
PDF statistics:
 920 PDF objects out of 1000 (max. 8388607)
 384 named destinations out of 1000 (max. 500000)
 286 words of extra memory for PDF output out of 10000 (max. 10000000)

